<?xml version="1.0" encoding="UTF-8"?>
<!-- Generated by org.testng.reporters.JUnitXMLReporter -->
<testsuite hostname="partha-PC" name="Surefire test" tests="3" failures="0" timestamp="12 Jul 2021 00:19:18 GMT" time="0.047" errors="0">
  <testcase name="billTest" time="0.016" classname="qaclickacademy.Add2CartTest"/>
  <testcase name="cartTest" time="0.0" classname="qaclickacademy.Add2CartTest"/>
  <testcase name="paymentTest" time="0.0" classname="qaclickacademy.Add2CartTest"/>
</testsuite> <!-- Surefire test -->
