<?xml version="1.0" encoding="UTF-8"?>
<!-- Generated by org.testng.reporters.JUnitXMLReporter -->
<testsuite hostname="partha-PC" name="Test" tests="5" failures="0" timestamp="12 Jul 2021 02:02:01 GMT" time="0.047" errors="0">
  <testcase name="billTest" time="0.016" classname="qaclickacademy.Add2CartTest"/>
  <testcase name="cartTest" time="0.0" classname="qaclickacademy.Add2CartTest"/>
  <testcase name="paymentTest" time="0.0" classname="qaclickacademy.Add2CartTest"/>
  <testcase name="testPassword" time="0.0" classname="qaclickacademy.LoginTest"/>
  <testcase name="testUsername" time="0.0" classname="qaclickacademy.LoginTest"/>
</testsuite> <!-- Test -->
