<?xml version="1.0" encoding="UTF-8"?>
<testng-results skipped="0" failed="0" total="5" passed="5">
  <reporter-output>
  </reporter-output>
  <suite name="Suite" duration-ms="47" started-at="2021-07-12T02:02:01Z" finished-at="2021-07-12T02:02:01Z">
    <groups>
    </groups>
    <test name="Test" duration-ms="47" started-at="2021-07-12T02:02:01Z" finished-at="2021-07-12T02:02:01Z">
      <class name="qaclickacademy.LoginTest">
        <test-method status="PASS" signature="testPassword()[pri:0, instance:qaclickacademy.LoginTest@1b204a1]" name="testPassword" duration-ms="0" started-at="2021-07-12T07:32:01Z" finished-at="2021-07-12T07:32:01Z">
          <reporter-output>
          </reporter-output>
        </test-method> <!-- testPassword -->
        <test-method status="PASS" signature="testUsername()[pri:0, instance:qaclickacademy.LoginTest@1b204a1]" name="testUsername" duration-ms="0" started-at="2021-07-12T07:32:01Z" finished-at="2021-07-12T07:32:01Z">
          <reporter-output>
          </reporter-output>
        </test-method> <!-- testUsername -->
      </class> <!-- qaclickacademy.LoginTest -->
      <class name="qaclickacademy.Add2CartTest">
        <test-method status="PASS" signature="billTest()[pri:0, instance:qaclickacademy.Add2CartTest@101d134]" name="billTest" duration-ms="16" started-at="2021-07-12T07:32:01Z" finished-at="2021-07-12T07:32:01Z">
          <reporter-output>
          </reporter-output>
        </test-method> <!-- billTest -->
        <test-method status="PASS" signature="cartTest()[pri:0, instance:qaclickacademy.Add2CartTest@101d134]" name="cartTest" duration-ms="0" started-at="2021-07-12T07:32:01Z" finished-at="2021-07-12T07:32:01Z">
          <reporter-output>
          </reporter-output>
        </test-method> <!-- cartTest -->
        <test-method status="PASS" signature="paymentTest()[pri:0, instance:qaclickacademy.Add2CartTest@101d134]" name="paymentTest" duration-ms="0" started-at="2021-07-12T07:32:01Z" finished-at="2021-07-12T07:32:01Z">
          <reporter-output>
          </reporter-output>
        </test-method> <!-- paymentTest -->
      </class> <!-- qaclickacademy.Add2CartTest -->
    </test> <!-- Test -->
  </suite> <!-- Suite -->
</testng-results>
